<?xml version="1.0" encoding="UTF-8"?>
<!-- Generated by org.testng.reporters.JUnitXMLReporter -->
<testsuite hostname="DESKTOP-RN62EUK" ignored="0" name="Test(failed)(failed)(failed)" tests="1" failures="1" timestamp="29 Jul 2019 22:05:33 GMT" time="0.047" errors="0">
  <testcase name="gh" time="0.016" classname="failtestcases.Test1">
    <failure type="java.lang.AssertionError" message="expected [true] but found [false]">
      <![CDATA[java.lang.AssertionError: expected [true] but found [false]
at failtestcases.Test1.gh(Test1.java:11)
... Removed 29 stack frames]]>
    </failure>
  </testcase> <!-- gh -->
</testsuite> <!-- Test(failed)(failed)(failed) -->
