<?xml version="1.0" encoding="UTF-8"?>
<!-- Generated by org.testng.reporters.JUnitXMLReporter -->
<testsuite hostname="DESKTOP-RN62EUK" ignored="0" name="Test(failed)" tests="2" failures="2" timestamp="29 Jul 2019 22:04:01 GMT" time="0.063" errors="0">
  <testcase name="Tw" time="0.015" classname="failtestcases.Test2">
    <failure type="java.lang.AssertionError" message="expected [true] but found [false]">
      <![CDATA[java.lang.AssertionError: expected [true] but found [false]
at failtestcases.Test2.Tw(Test2.java:13)
... Removed 29 stack frames]]>
    </failure>
  </testcase> <!-- Tw -->
  <testcase name="gh" time="0.0" classname="failtestcases.Test1">
    <failure type="java.lang.AssertionError" message="expected [true] but found [false]">
      <![CDATA[java.lang.AssertionError: expected [true] but found [false]
at failtestcases.Test1.gh(Test1.java:11)
... Removed 29 stack frames]]>
    </failure>
  </testcase> <!-- gh -->
</testsuite> <!-- Test(failed) -->
