<?xml version="1.0" encoding="UTF-8"?>
<!-- Generated by org.testng.reporters.JUnitXMLReporter -->
<testsuite hostname="DESKTOP-RN62EUK" ignored="0" name="Default test" tests="4" failures="0" timestamp="18 Oct 2019 03:04:42 GMT" time="42.833" errors="0">
  <testcase name="TestDataProvider" time="13.066" classname="com.bdtech.com.DataProviderDemo"/>
  <testcase name="TestDataProvider" time="10.686" classname="com.bdtech.com.DataProviderDemo"/>
  <testcase name="TestDataProvider" time="9.347" classname="com.bdtech.com.DataProviderDemo"/>
  <testcase name="TestDataProvider" time="9.69" classname="com.bdtech.com.DataProviderDemo"/>
</testsuite> <!-- Default test -->
